<?xml version="1.0" encoding="UTF-8"?>
<!-- Generated by org.testng.reporters.JUnitReportReporter -->
<testsuite hostname="PUN-LAP-KOTHA" failures="0" tests="2" name="streams.streamBasic" time="0.040" errors="0" timestamp="2023-05-15T19:07:59 IST" skipped="0">
  <testcase classname="streams.streamBasic" name="normaljava" time="0.011"/>
  <system-out/>
  <testcase classname="streams.streamBasic" name="stream1" time="0.029"/>
  <system-out/>
</testsuite> <!-- streams.streamBasic -->
