<?xml version="1.0" encoding="UTF-8"?>
<!-- Generated by org.testng.reporters.JUnitReportReporter -->
<testsuite hostname="PUN-LAP-KOTHA" failures="0" tests="1" name="streams.StreamDirect" time="0.012" errors="0" timestamp="2023-04-17T15:59:30 IST" skipped="0">
  <testcase classname="streams.StreamDirect" name="streamMap" time="0.012"/>
  <system-out/>
</testsuite> <!-- streams.StreamDirect -->
